mode: set
utest/core/usecase/feirausecase/getnome.go:8.68,11.16 2 1
utest/core/usecase/feirausecase/getnome.go:15.2,15.19 1 1
utest/core/usecase/feirausecase/getnome.go:11.16,13.3 1 1
utest/core/usecase/feirausecase/new.go:9.65,13.2 1 1
utest/core/usecase/feirausecase/update.go:8.107,11.16 2 1
utest/core/usecase/feirausecase/update.go:15.2,15.19 1 1
utest/core/usecase/feirausecase/update.go:11.16,13.3 1 1
utest/core/usecase/feirausecase/create.go:9.98,12.16 2 1
utest/core/usecase/feirausecase/create.go:16.2,16.19 1 1
utest/core/usecase/feirausecase/create.go:12.16,14.3 1 1
utest/core/usecase/feirausecase/delete.go:4.47,7.16 2 1
utest/core/usecase/feirausecase/delete.go:11.2,11.12 1 1
utest/core/usecase/feirausecase/delete.go:7.16,9.3 1 1
utest/core/dto/feira.go:49.78,51.74 2 1
utest/core/dto/feira.go:55.2,55.33 1 1
utest/core/dto/feira.go:51.74,53.3 1 1
utest/core/dto/feira.go:59.78,61.74 2 1
utest/core/dto/feira.go:65.2,65.33 1 1
utest/core/dto/feira.go:61.74,63.3 1 1
utest/adapter/postgres/feirarepository/delete.go:8.51,12.16 2 1
utest/adapter/postgres/feirarepository/delete.go:15.2,15.36 1 0
utest/adapter/postgres/feirarepository/delete.go:18.2,18.12 1 0
utest/adapter/postgres/feirarepository/delete.go:12.16,14.3 1 1
utest/adapter/postgres/feirarepository/delete.go:15.36,17.3 1 0
utest/adapter/postgres/feirarepository/getnome.go:8.74,13.16 3 1
utest/adapter/postgres/feirarepository/getnome.go:17.2,17.18 1 1
utest/adapter/postgres/feirarepository/getnome.go:41.2,41.20 1 1
utest/adapter/postgres/feirarepository/getnome.go:13.16,15.3 1 1
utest/adapter/postgres/feirarepository/getnome.go:17.18,39.3 1 1
utest/adapter/postgres/feirarepository/new.go:13.60,17.2 1 1
utest/adapter/postgres/feirarepository/update.go:10.106,35.16 4 1
utest/adapter/postgres/feirarepository/update.go:39.2,39.36 1 0
utest/adapter/postgres/feirarepository/update.go:43.2,60.20 17 0
utest/adapter/postgres/feirarepository/update.go:35.16,37.3 1 1
utest/adapter/postgres/feirarepository/update.go:39.36,41.3 1 0
utest/adapter/postgres/feirarepository/create.go:12.26,55.16 4 1
utest/adapter/postgres/feirarepository/create.go:59.2,59.20 1 1
utest/adapter/postgres/feirarepository/create.go:55.16,57.3 1 1
utest/adapter/http/rest/feiraservice/create.go:18.84,21.16 2 1
utest/adapter/http/rest/feiraservice/create.go:26.2,29.16 3 1
utest/adapter/http/rest/feiraservice/create.go:36.2,37.41 2 1
utest/adapter/http/rest/feiraservice/create.go:21.16,25.3 3 1
utest/adapter/http/rest/feiraservice/create.go:29.16,34.3 4 1
utest/adapter/http/rest/feiraservice/delete.go:19.84,26.16 5 1
utest/adapter/http/rest/feiraservice/delete.go:34.2,37.40 3 1
utest/adapter/http/rest/feiraservice/delete.go:26.16,32.3 5 1
utest/adapter/http/rest/feiraservice/getnome.go:17.85,25.19 4 1
utest/adapter/http/rest/feiraservice/getnome.go:33.2,33.16 1 1
utest/adapter/http/rest/feiraservice/getnome.go:41.2,41.41 1 1
utest/adapter/http/rest/feiraservice/getnome.go:25.19,31.3 5 0
utest/adapter/http/rest/feiraservice/getnome.go:33.16,38.3 4 0
utest/adapter/http/rest/feiraservice/new.go:15.59,19.2 1 1
utest/adapter/http/rest/feiraservice/update.go:20.84,25.16 4 1
utest/adapter/http/rest/feiraservice/update.go:32.2,34.16 2 0
utest/adapter/http/rest/feiraservice/update.go:42.2,42.41 1 0
utest/adapter/http/rest/feiraservice/update.go:25.16,30.3 4 1
utest/adapter/http/rest/feiraservice/update.go:34.16,40.3 5 0
